PHP Warning:  PHP Startup: Unable to load dynamic library '/usr/lib/php5/20121212/php_mongo.so' - /usr/lib/php5/20121212/php_mongo.so: cannot open shared object file: No such file or directory in Unknown on line 0
PHP Warning:  PHP Startup: Unable to load dynamic library '/usr/lib/php5/20121212/php_mongo.so' - /usr/lib/php5/20121212/php_mongo.so: cannot open shared object file: No such file or directory in Unknown on line 0
PHP Warning:  PHP Startup: Unable to load dynamic library '/usr/lib/php5/20121212/php_mongo.so' - /usr/lib/php5/20121212/php_mongo.so: cannot open shared object file: No such file or directory in Unknown on line 0
PHP Warning:  PHP Startup: Unable to load dynamic library '/usr/lib/php5/20121212/php_mongo.so' - /usr/lib/php5/20121212/php_mongo.so: cannot open shared object file: No such file or directory in Unknown on line 0
[2016-06-11 11:16:24] loading...
[2016-06-11 11:16:24] loading...

@Worker\className : Lider\Bundle\LiderBundle\Worker\NotificationWorker
@Worker\fileName : /var/www/html/lider/src/Lider/Bundle/LiderBundle/Worker/NotificationWorker.php
@Worker\nameSpace : Lider\Bundle\LiderBundle\Worker
@Worker\callableName: LiderBundleLiderBundleWorkernotification
@Worker\supervisord : /usr/bin/php /var/www/html/lider/app/console gearman:worker:execute LiderBundleLiderBundleWorkernotification --no-interaction
@Worker\service : notificationWorker
@worker\iterations : 0
@Worker\#jobs : 8
@Worker\jobs

    # LiderBundleLiderBundleWorkernotification~sendEmail 
    # LiderBundleLiderBundleWorkernotification~sendNotificationTeam 
    # LiderBundleLiderBundleWorkernotification~sendNotificationDuel 
    # LiderBundleLiderBundleWorkernotification~sendNotificationGroup 
    # LiderBundleLiderBundleWorkernotification~adminNotification 
    # LiderBundleLiderBundleWorkernotification~adminNotificationDuels 
    # LiderBundleLiderBundleWorkernotification~adminNotificationGamesDontStart 
    # LiderBundleLiderBundleWorkernotification~sendEmailToPlayersFromTournament 

@worker\servers :

    #localhost - jobserver.sifinca.net:5000

@Worker\description :

    Worker to Send Notifications

[2016-06-11 11:16:24] loaded. Ctrl+C to break

@Worker\className : Lider\Bundle\LiderBundle\Worker\NotificationWorker
@Worker\fileName : /var/www/html/lider/src/Lider/Bundle/LiderBundle/Worker/NotificationWorker.php
@Worker\nameSpace : Lider\Bundle\LiderBundle\Worker
@Worker\callableName: LiderBundleLiderBundleWorkernotification
@Worker\supervisord : /usr/bin/php /var/www/html/lider/app/console gearman:worker:execute LiderBundleLiderBundleWorkernotification --no-interaction
@Worker\service : notificationWorker
@worker\iterations : 0
@Worker\#jobs : 8
@Worker\jobs

    # LiderBundleLiderBundleWorkernotification~sendEmail 
    # LiderBundleLiderBundleWorkernotification~sendNotificationTeam 
    # LiderBundleLiderBundleWorkernotification~sendNotificationDuel 
    # LiderBundleLiderBundleWorkernotification~sendNotificationGroup 
    # LiderBundleLiderBundleWorkernotification~adminNotification 
    # LiderBundleLiderBundleWorkernotification~adminNotificationDuels 
    # LiderBundleLiderBundleWorkernotification~adminNotificationGamesDontStart 
    # LiderBundleLiderBundleWorkernotification~sendEmailToPlayersFromTournament 

@worker\servers :

    #localhost - jobserver.sifinca.net:5000

@Worker\description :

    Worker to Send Notifications

[2016-06-11 11:16:24] loaded. Ctrl+C to break
[2016-06-11 11:16:24] loading...


                                                                 
  [Mmoreram\GearmanBundle\Exceptions\ServerConnectionException]  
  Worker was unable to connect to any server.                    
                                                                 


gearman:worker:execute [--no-description] [--iterations[="..."]] [--minimum-execution-time[="..."]] [--timeout[="..."]] worker


[2016-06-11 11:16:24] loading...

@Worker\className : Lider\Bundle\LiderBundle\Worker\NotificationWorker
@Worker\fileName : /var/www/html/lider/src/Lider/Bundle/LiderBundle/Worker/NotificationWorker.php
@Worker\nameSpace : Lider\Bundle\LiderBundle\Worker
@Worker\callableName: LiderBundleLiderBundleWorkernotification
@Worker\supervisord : /usr/bin/php /var/www/html/lider/app/console gearman:worker:execute LiderBundleLiderBundleWorkernotification --no-interaction
@Worker\service : notificationWorker
@worker\iterations : 0
@Worker\#jobs : 8
@Worker\jobs

    # LiderBundleLiderBundleWorkernotification~sendEmail 
    # LiderBundleLiderBundleWorkernotification~sendNotificationTeam 
    # LiderBundleLiderBundleWorkernotification~sendNotificationDuel 
    # LiderBundleLiderBundleWorkernotification~sendNotificationGroup 
    # LiderBundleLiderBundleWorkernotification~adminNotification 
    # LiderBundleLiderBundleWorkernotification~adminNotificationDuels 
    # LiderBundleLiderBundleWorkernotification~adminNotificationGamesDontStart 
    # LiderBundleLiderBundleWorkernotification~sendEmailToPlayersFromTournament 

@worker\servers :

    #localhost - jobserver.sifinca.net:5000

@Worker\description :

    Worker to Send Notifications

[2016-06-11 11:16:24] loaded. Ctrl+C to break

@Worker\className : Lider\Bundle\LiderBundle\Worker\NotificationWorker
@Worker\fileName : /var/www/html/lider/src/Lider/Bundle/LiderBundle/Worker/NotificationWorker.php
@Worker\nameSpace : Lider\Bundle\LiderBundle\Worker
@Worker\callableName: LiderBundleLiderBundleWorkernotification
@Worker\supervisord : /usr/bin/php /var/www/html/lider/app/console gearman:worker:execute LiderBundleLiderBundleWorkernotification --no-interaction
@Worker\service : notificationWorker


                                                                 
  [Mmoreram\GearmanBundle\Exceptions\ServerConnectionException]  
  Worker was unable to connect to any server.                    
                                                                 


gearman:worker:execute [--no-description] [--iterations[="..."]] [--minimum-execution-time[="..."]] [--timeout[="..."]] worker


@worker\iterations : 0
@Worker\#jobs : 8
@Worker\jobs

    # LiderBundleLiderBundleWorkernotification~sendEmail 
    # LiderBundleLiderBundleWorkernotification~sendNotificationTeam 
    # LiderBundleLiderBundleWorkernotification~sendNotificationDuel 
    # LiderBundleLiderBundleWorkernotification~sendNotificationGroup 
    # LiderBundleLiderBundleWorkernotification~adminNotification 
    # LiderBundleLiderBundleWorkernotification~adminNotificationDuels 
    # LiderBundleLiderBundleWorkernotification~adminNotificationGamesDontStart 
    # LiderBundleLiderBundleWorkernotification~sendEmailToPlayersFromTournament 

@worker\servers :

    #localhost - jobserver.sifinca.net:5000

@Worker\description :

    Worker to Send Notifications

[2016-06-11 11:16:24] loaded. Ctrl+C to break


                                                                 
  [Mmoreram\GearmanBundle\Exceptions\ServerConnectionException]  
  Worker was unable to connect to any server.                    
                                                                 


gearman:worker:execute [--no-description] [--iterations[="..."]] [--minimum-execution-time[="..."]] [--timeout[="..."]] worker




                                                                 
  [Mmoreram\GearmanBundle\Exceptions\ServerConnectionException]  
  Worker was unable to connect to any server.                    
                                                                 


gearman:worker:execute [--no-description] [--iterations[="..."]] [--minimum-execution-time[="..."]] [--timeout[="..."]] worker


PHP Warning:  PHP Startup: Unable to load dynamic library '/usr/lib/php5/20121212/php_mongo.so' - /usr/lib/php5/20121212/php_mongo.so: cannot open shared object file: No such file or directory in Unknown on line 0
PHP Warning:  PHP Startup: Unable to load dynamic library '/usr/lib/php5/20121212/php_mongo.so' - /usr/lib/php5/20121212/php_mongo.so: cannot open shared object file: No such file or directory in Unknown on line 0
PHP Warning:  PHP Startup: Unable to load dynamic library '/usr/lib/php5/20121212/php_mongo.so' - /usr/lib/php5/20121212/php_mongo.so: cannot open shared object file: No such file or directory in Unknown on line 0
PHP Warning:  PHP Startup: Unable to load dynamic library '/usr/lib/php5/20121212/php_mongo.so' - /usr/lib/php5/20121212/php_mongo.so: cannot open shared object file: No such file or directory in Unknown on line 0
[2016-06-11 11:16:27] loading...

@Worker\className : Lider\Bundle\LiderBundle\Worker\NotificationWorker
@Worker\fileName : /var/www/html/lider/src/Lider/Bundle/LiderBundle/Worker/NotificationWorker.php
@Worker\nameSpace : Lider\Bundle\LiderBundle\Worker
[2016-06-11 11:16:27] loading...
@Worker\callableName: LiderBundleLiderBundleWorkernotification
@Worker\supervisord : /usr/bin/php /var/www/html/lider/app/console gearman:worker:execute LiderBundleLiderBundleWorkernotification --no-interaction
@Worker\service : notificationWorker
@worker\iterations : 0
[2016-06-11 11:16:27] loading...
@Worker\#jobs : 8
@Worker\jobs

    # LiderBundleLiderBundleWorkernotification~sendEmail 
    # LiderBundleLiderBundleWorkernotification~sendNotificationTeam 
    # LiderBundleLiderBundleWorkernotification~sendNotificationDuel 
    # LiderBundleLiderBundleWorkernotification~sendNotificationGroup 
    # LiderBundleLiderBundleWorkernotification~adminNotification 
    # LiderBundleLiderBundleWorkernotification~adminNotificationDuels 
    # LiderBundleLiderBundleWorkernotification~adminNotificationGamesDontStart 
    # LiderBundleLiderBundleWorkernotification~sendEmailToPlayersFromTournament 

@worker\servers :

    #localhost - jobserver.sifinca.net:5000

@Worker\description :

    Worker to Send Notifications

[2016-06-11 11:16:27] loaded. Ctrl+C to break

@Worker\className : Lider\Bundle\LiderBundle\Worker\NotificationWorker
@Worker\fileName : /var/www/html/lider/src/Lider/Bundle/LiderBundle/Worker/NotificationWorker.php
@Worker\nameSpace : Lider\Bundle\LiderBundle\Worker
@Worker\callableName: LiderBundleLiderBundleWorkernotification
@Worker\supervisord : /usr/bin/php /var/www/html/lider/app/console gearman:worker:execute LiderBundleLiderBundleWorkernotification --no-interaction
@Worker\service : notificationWorker
@worker\iterations : 0
@Worker\#jobs : 8
@Worker\jobs

    # LiderBundleLiderBundleWorkernotification~sendEmail 
    # LiderBundleLiderBundleWorkernotification~sendNotificationTeam 
    # LiderBundleLiderBundleWorkernotification~sendNotificationDuel 
    # LiderBundleLiderBundleWorkernotification~sendNotificationGroup 
    # LiderBundleLiderBundleWorkernotification~adminNotification 
    # LiderBundleLiderBundleWorkernotification~adminNotificationDuels 
    # LiderBundleLiderBundleWorkernotification~adminNotificationGamesDontStart 
    # LiderBundleLiderBundleWorkernotification~sendEmailToPlayersFromTournament 

@worker\servers :

    #localhost - jobserver.sifinca.net:5000

@Worker\description :

    Worker to Send Notifications

[2016-06-11 11:16:28] loaded. Ctrl+C to break
[2016-06-11 11:16:28] loading...

@Worker\className : Lider\Bundle\LiderBundle\Worker\NotificationWorker
@Worker\fileName : /var/www/html/lider/src/Lider/Bundle/LiderBundle/Worker/NotificationWorker.php
@Worker\nameSpace : Lider\Bundle\LiderBundle\Worker
@Worker\callableName: LiderBundleLiderBundleWorkernotification

@Worker\className : Lider\Bundle\LiderBundle\Worker\NotificationWorker
@Worker\fileName : /var/www/html/lider/src/Lider/Bundle/LiderBundle/Worker/NotificationWorker.php
@Worker\nameSpace : Lider\Bundle\LiderBundle\Worker
@Worker\callableName: LiderBundleLiderBundleWorkernotification
@Worker\supervisord : /usr/bin/php /var/www/html/lider/app/console gearman:worker:execute LiderBundleLiderBundleWorkernotification --no-interaction
@Worker\service : notificationWorker
@worker\iterations : 0
@Worker\#jobs : 8
@Worker\jobs

    # LiderBundleLiderBundleWorkernotification~sendEmail 
    # LiderBundleLiderBundleWorkernotification~sendNotificationTeam 
    # LiderBundleLiderBundleWorkernotification~sendNotificationDuel 
    # LiderBundleLiderBundleWorkernotification~sendNotificationGroup 
    # LiderBundleLiderBundleWorkernotification~adminNotification 
    # LiderBundleLiderBundleWorkernotification~adminNotificationDuels 
    # LiderBundleLiderBundleWorkernotification~adminNotificationGamesDontStart 
    # LiderBundleLiderBundleWorkernotification~sendEmailToPlayersFromTournament 

@worker\servers :

    #localhost - jobserver.sifinca.net:5000

@Worker\description :
@Worker\supervisord : /usr/bin/php /var/www/html/lider/app/console gearman:worker:execute LiderBundleLiderBundleWorkernotification --no-interaction
@Worker\service : notificationWorker
@worker\iterations : 0
@Worker\#jobs : 8
@Worker\jobs

    # LiderBundleLiderBundleWorkernotification~sendEmail 
    # LiderBundleLiderBundleWorkernotification~sendNotificationTeam 
    # LiderBundleLiderBundleWorkernotification~sendNotificationDuel 
    # LiderBundleLiderBundleWorkernotification~sendNotificationGroup 
    # LiderBundleLiderBundleWorkernotification~adminNotification 
    # LiderBundleLiderBundleWorkernotification~adminNotificationDuels 
    # LiderBundleLiderBundleWorkernotification~adminNotificationGamesDontStart 
    # LiderBundleLiderBundleWorkernotification~sendEmailToPlayersFromTournament 

@worker\servers :

    #localhost - jobserver.sifinca.net:5000

@Worker\description :

    Worker to Send Notifications

[2016-06-11 11:16:28] loaded. Ctrl+C to break

    Worker to Send Notifications

[2016-06-11 11:16:28] loaded. Ctrl+C to break


                                                                 
  [Mmoreram\GearmanBundle\Exceptions\ServerConnectionException]  
  Worker was unable to connect to any server.                    
                                                                 


gearman:worker:execute [--no-description] [--iterations[="..."]] [--minimum-execution-time[="..."]] [--timeout[="..."]] worker




                                                                 
  [Mmoreram\GearmanBundle\Exceptions\ServerConnectionException]  
  Worker was unable to connect to any server.                    
                                                                 


gearman:worker:execute [--no-description] [--iterations[="..."]] [--minimum-execution-time[="..."]] [--timeout[="..."]] worker




                                                                 
  [Mmoreram\GearmanBundle\Exceptions\ServerConnectionException]  
  Worker was unable to connect to any server.                    
                                                                 


gearman:worker:execute [--no-description] [--iterations[="..."]] [--minimum-execution-time[="..."]] [--timeout[="..."]] worker




                                                                 
  [Mmoreram\GearmanBundle\Exceptions\ServerConnectionException]  
  Worker was unable to connect to any server.                    
                                                                 


gearman:worker:execute [--no-description] [--iterations[="..."]] [--minimum-execution-time[="..."]] [--timeout[="..."]] worker


